0 info it worked if it ends with ok
1 verbose cli [ 'node', '/usr/local/bin/npm', 'install', '-g', 'bowe' ]
2 info using npm@1.4.28
3 info using node@v0.10.32
4 verbose cache add [ 'bowe', null ]
5 verbose cache add name=undefined spec="bowe" args=["bowe",null]
6 verbose parsed url { protocol: null,
6 verbose parsed url   slashes: null,
6 verbose parsed url   auth: null,
6 verbose parsed url   host: null,
6 verbose parsed url   port: null,
6 verbose parsed url   hostname: null,
6 verbose parsed url   hash: null,
6 verbose parsed url   search: null,
6 verbose parsed url   query: null,
6 verbose parsed url   pathname: 'bowe',
6 verbose parsed url   path: 'bowe',
6 verbose parsed url   href: 'bowe' }
7 silly lockFile 3a6e115d-bowe bowe
8 verbose lock bowe /Users/daniel/.npm/3a6e115d-bowe.lock
9 silly lockFile 3a6e115d-bowe bowe
10 silly lockFile 3a6e115d-bowe bowe
11 verbose addNamed [ 'bowe', '' ]
12 verbose addNamed [ null, '*' ]
13 silly lockFile 8ddb64de-bowe bowe@
14 verbose lock bowe@ /Users/daniel/.npm/8ddb64de-bowe.lock
15 silly addNameRange { name: 'bowe', range: '*', hasData: false }
16 verbose request where is /bowe
17 verbose request registry https://registry.npmjs.org/
18 verbose request id 5ea32cb59101afd3
19 verbose url raw /bowe
20 verbose url resolving [ 'https://registry.npmjs.org/', './bowe' ]
21 verbose url resolved https://registry.npmjs.org/bowe
22 verbose request where is https://registry.npmjs.org/bowe
23 info trying registry request attempt 1 at 16:42:43
24 http GET https://registry.npmjs.org/bowe
25 http 404 https://registry.npmjs.org/bowe
26 verbose headers { date: 'Sun, 23 Nov 2014 15:42:42 GMT',
26 verbose headers   server: 'CouchDB/1.5.0 (Erlang OTP/R16B03)',
26 verbose headers   'content-type': 'application/json',
26 verbose headers   'cache-control': 'max-age=0',
26 verbose headers   'content-length': '52',
26 verbose headers   'accept-ranges': 'bytes',
26 verbose headers   via: '1.1 varnish',
26 verbose headers   age: '0',
26 verbose headers   'x-served-by': 'cache-lcy1122-LCY',
26 verbose headers   'x-cache': 'MISS',
26 verbose headers   'x-cache-hits': '0',
26 verbose headers   'x-timer': 'S1416757361.788373,VS0,VE343',
26 verbose headers   'keep-alive': 'timeout=10, max=50',
26 verbose headers   connection: 'Keep-Alive' }
27 silly registry.get cb [ 404,
27 silly registry.get   { date: 'Sun, 23 Nov 2014 15:42:42 GMT',
27 silly registry.get     server: 'CouchDB/1.5.0 (Erlang OTP/R16B03)',
27 silly registry.get     'content-type': 'application/json',
27 silly registry.get     'cache-control': 'max-age=0',
27 silly registry.get     'content-length': '52',
27 silly registry.get     'accept-ranges': 'bytes',
27 silly registry.get     via: '1.1 varnish',
27 silly registry.get     age: '0',
27 silly registry.get     'x-served-by': 'cache-lcy1122-LCY',
27 silly registry.get     'x-cache': 'MISS',
27 silly registry.get     'x-cache-hits': '0',
27 silly registry.get     'x-timer': 'S1416757361.788373,VS0,VE343',
27 silly registry.get     'keep-alive': 'timeout=10, max=50',
27 silly registry.get     connection: 'Keep-Alive' } ]
28 silly lockFile 8ddb64de-bowe bowe@
29 silly lockFile 8ddb64de-bowe bowe@
30 error 404 404 Not Found: bowe
30 error 404
30 error 404 'bowe' is not in the npm registry.
30 error 404 You should bug the author to publish it
30 error 404
30 error 404 Note that you can also install from a
30 error 404 tarball, folder, or http url, or git url.
31 error System Darwin 14.0.0
32 error command "node" "/usr/local/bin/npm" "install" "-g" "bowe"
33 error cwd /Users/daniel/Sites/Renting.js
34 error node -v v0.10.32
35 error npm -v 1.4.28
36 error code E404
37 verbose exit [ 1, true ]
